   1               		.file	"duration.cpp"
   2               	__SP_H__ = 0x3e
   3               	__SP_L__ = 0x3d
   4               	__SREG__ = 0x3f
   5               	__tmp_reg__ = 0
   6               	__zero_reg__ = 1
   7               		.text
   8               	.Ltext0:
   9               		.cfi_sections	.debug_frame
  10               	.global	_ZN3ros22normalizeSecNSecSignedERlS0_
  12               	_ZN3ros22normalizeSecNSecSignedERlS0_:
  13               	.LFB10:
  14               		.file 1 "ros_lib/duration.cpp"
   1:ros_lib/duration.cpp **** /*
   2:ros_lib/duration.cpp ****  * Software License Agreement (BSD License)
   3:ros_lib/duration.cpp ****  *
   4:ros_lib/duration.cpp ****  * Copyright (c) 2011, Willow Garage, Inc.
   5:ros_lib/duration.cpp ****  * All rights reserved.
   6:ros_lib/duration.cpp ****  *
   7:ros_lib/duration.cpp ****  * Redistribution and use in source and binary forms, with or without
   8:ros_lib/duration.cpp ****  * modification, are permitted provided that the following conditions
   9:ros_lib/duration.cpp ****  * are met:
  10:ros_lib/duration.cpp ****  *
  11:ros_lib/duration.cpp ****  *  * Redistributions of source code must retain the above copyright
  12:ros_lib/duration.cpp ****  *    notice, this list of conditions and the following disclaimer.
  13:ros_lib/duration.cpp ****  *  * Redistributions in binary form must reproduce the above
  14:ros_lib/duration.cpp ****  *    copyright notice, this list of conditions and the following
  15:ros_lib/duration.cpp ****  *    disclaimer in the documentation and/or other materials provided
  16:ros_lib/duration.cpp ****  *    with the distribution.
  17:ros_lib/duration.cpp ****  *  * Neither the name of Willow Garage, Inc. nor the names of its
  18:ros_lib/duration.cpp ****  *    contributors may be used to endorse or promote prducts derived
  19:ros_lib/duration.cpp ****  *    from this software without specific prior written permission.
  20:ros_lib/duration.cpp ****  *
  21:ros_lib/duration.cpp ****  * THIS SOFTWARE IS PROVIDED BY THE COPYRIGHT HOLDERS AND CONTRIBUTORS
  22:ros_lib/duration.cpp ****  * "AS IS" AND ANY EXPRESS OR IMPLIED WARRANTIES, INCLUDING, BUT NOT
  23:ros_lib/duration.cpp ****  * LIMITED TO, THE IMPLIED WARRANTIES OF MERCHANTABILITY AND FITNESS
  24:ros_lib/duration.cpp ****  * FOR A PARTICULAR PURPOSE ARE DISCLAIMED. IN NO EVENT SHALL THE
  25:ros_lib/duration.cpp ****  * COPYRIGHT OWNER OR CONTRIBUTORS BE LIABLE FOR ANY DIRECT, INDIRECT,
  26:ros_lib/duration.cpp ****  * INCIDENTAL, SPECIAL, EXEMPLARY, OR CONSEQUENTIAL DAMAGES (INCLUDING,
  27:ros_lib/duration.cpp ****  * BUT NOT LIMITED TO, PROCUREMENT OF SUBSTITUTE GOODS OR SERVICES;
  28:ros_lib/duration.cpp ****  * LOSS OF USE, DATA, OR PROFITS; OR BUSINESS INTERRUPTION) HOWEVER
  29:ros_lib/duration.cpp ****  * CAUSED AND ON ANY THEORY OF LIABILITY, WHETHER IN CONTRACT, STRICT
  30:ros_lib/duration.cpp ****  * LIABILITY, OR TORT (INCLUDING NEGLIGENCE OR OTHERWISE) ARISING IN
  31:ros_lib/duration.cpp ****  * ANY WAY OUT OF THE USE OF THIS SOFTWARE, EVEN IF ADVISED OF THE
  32:ros_lib/duration.cpp ****  * POSSIBILITY OF SUCH DAMAGE.
  33:ros_lib/duration.cpp ****  */
  34:ros_lib/duration.cpp **** 
  35:ros_lib/duration.cpp **** #include <math.h>
  36:ros_lib/duration.cpp **** #include "ros/duration.h"
  37:ros_lib/duration.cpp **** 
  38:ros_lib/duration.cpp **** namespace ros
  39:ros_lib/duration.cpp **** {
  40:ros_lib/duration.cpp **** void normalizeSecNSecSigned(int32_t &sec, int32_t &nsec)
  41:ros_lib/duration.cpp **** {
  15               		.loc 1 41 0
  16               		.cfi_startproc
  17               	.LVL0:
  18 0000 0F93      		push r16
  19               	.LCFI0:
  20               		.cfi_def_cfa_offset 3
  21               		.cfi_offset 16, -2
  22 0002 1F93      		push r17
  23               	.LCFI1:
  24               		.cfi_def_cfa_offset 4
  25               		.cfi_offset 17, -3
  26               	/* prologue: function */
  27               	/* frame size = 0 */
  28               	/* stack size = 2 */
  29               	.L__stack_usage = 2
  30 0004 FB01      		movw r30,r22
  42:ros_lib/duration.cpp ****   int32_t nsec_part = nsec;
  31               		.loc 1 42 0
  32 0006 4081      		ld r20,Z
  33 0008 5181      		ldd r21,Z+1
  34 000a 6281      		ldd r22,Z+2
  35 000c 7381      		ldd r23,Z+3
  36               	.LVL1:
  43:ros_lib/duration.cpp ****   int32_t sec_part = sec;
  37               		.loc 1 43 0
  38 000e DC01      		movw r26,r24
  39 0010 0D91      		ld r16,X+
  40 0012 1D91      		ld r17,X+
  41 0014 2D91      		ld r18,X+
  42 0016 3C91      		ld r19,X
  43               	.LVL2:
  44               	.L4:
  44:ros_lib/duration.cpp **** 
  45:ros_lib/duration.cpp ****   while (nsec_part > 1000000000L)
  45               		.loc 1 45 0
  46 0018 4130      		cpi r20,1
  47 001a BAEC      		ldi r27,-54
  48 001c 5B07      		cpc r21,r27
  49 001e BAE9      		ldi r27,-102
  50 0020 6B07      		cpc r22,r27
  51 0022 BBE3      		ldi r27,59
  52 0024 7B07      		cpc r23,r27
  53 0026 04F0      		brlt .L3
  46:ros_lib/duration.cpp ****   {
  47:ros_lib/duration.cpp ****     nsec_part -= 1000000000L;
  54               		.loc 1 47 0
  55 0028 5A5C      		subi r21,-54
  56 002a 6A49      		sbci r22,-102
  57 002c 7B43      		sbci r23,59
  58               	.LVL3:
  48:ros_lib/duration.cpp ****     ++sec_part;
  59               		.loc 1 48 0
  60 002e 0F5F      		subi r16,-1
  61 0030 1F4F      		sbci r17,-1
  62 0032 2F4F      		sbci r18,-1
  63 0034 3F4F      		sbci r19,-1
  64               	.LVL4:
  45:ros_lib/duration.cpp ****   {
  65               		.loc 1 45 0
  66 0036 00C0      		rjmp .L4
  67               	.L3:
  49:ros_lib/duration.cpp ****   }
  50:ros_lib/duration.cpp ****   while (nsec_part < 0)
  68               		.loc 1 50 0
  69 0038 77FF      		sbrs r23,7
  70 003a 00C0      		rjmp .L5
  51:ros_lib/duration.cpp ****   {
  52:ros_lib/duration.cpp ****     nsec_part += 1000000000L;
  71               		.loc 1 52 0
  72 003c 5653      		subi r21,54
  73 003e 6546      		sbci r22,101
  74 0040 744C      		sbci r23,-60
  75               	.LVL5:
  53:ros_lib/duration.cpp ****     --sec_part;
  76               		.loc 1 53 0
  77 0042 0150      		subi r16,1
  78 0044 1109      		sbc r17,__zero_reg__
  79 0046 2109      		sbc r18,__zero_reg__
  80 0048 3109      		sbc r19,__zero_reg__
  81               	.LVL6:
  50:ros_lib/duration.cpp ****   {
  82               		.loc 1 50 0
  83 004a 00C0      		rjmp .L3
  84               	.L5:
  54:ros_lib/duration.cpp ****   }
  55:ros_lib/duration.cpp ****   sec = sec_part;
  85               		.loc 1 55 0
  86 004c DC01      		movw r26,r24
  87 004e 0D93      		st X+,r16
  88 0050 1D93      		st X+,r17
  89 0052 2D93      		st X+,r18
  90 0054 3C93      		st X,r19
  91 0056 1397      		sbiw r26,3
  56:ros_lib/duration.cpp ****   nsec = nsec_part;
  92               		.loc 1 56 0
  93 0058 4083      		st Z,r20
  94 005a 5183      		std Z+1,r21
  95 005c 6283      		std Z+2,r22
  96 005e 7383      		std Z+3,r23
  97               	/* epilogue start */
  57:ros_lib/duration.cpp **** }
  98               		.loc 1 57 0
  99 0060 1F91      		pop r17
 100 0062 0F91      		pop r16
 101               	.LVL7:
 102 0064 0895      		ret
 103               		.cfi_endproc
 104               	.LFE10:
 106               	.global	_ZN3ros8DurationpLERKS0_
 108               	_ZN3ros8DurationpLERKS0_:
 109               	.LFB11:
  58:ros_lib/duration.cpp **** 
  59:ros_lib/duration.cpp **** Duration& Duration::operator+=(const Duration &rhs)
  60:ros_lib/duration.cpp **** {
 110               		.loc 1 60 0
 111               		.cfi_startproc
 112               	.LVL8:
 113 0066 0F93      		push r16
 114               	.LCFI2:
 115               		.cfi_def_cfa_offset 3
 116               		.cfi_offset 16, -2
 117 0068 1F93      		push r17
 118               	.LCFI3:
 119               		.cfi_def_cfa_offset 4
 120               		.cfi_offset 17, -3
 121 006a CF93      		push r28
 122               	.LCFI4:
 123               		.cfi_def_cfa_offset 5
 124               		.cfi_offset 28, -4
 125 006c DF93      		push r29
 126               	.LCFI5:
 127               		.cfi_def_cfa_offset 6
 128               		.cfi_offset 29, -5
 129               	/* prologue: function */
 130               	/* frame size = 0 */
 131               	/* stack size = 4 */
 132               	.L__stack_usage = 4
 133 006e EC01      		movw r28,r24
  61:ros_lib/duration.cpp ****   sec += rhs.sec;
 134               		.loc 1 61 0
 135 0070 0881      		ld r16,Y
 136 0072 1981      		ldd r17,Y+1
 137 0074 2A81      		ldd r18,Y+2
 138 0076 3B81      		ldd r19,Y+3
 139 0078 FB01      		movw r30,r22
 140 007a 8081      		ld r24,Z
 141 007c 9181      		ldd r25,Z+1
 142 007e A281      		ldd r26,Z+2
 143 0080 B381      		ldd r27,Z+3
 144               	.LVL9:
 145 0082 800F      		add r24,r16
 146 0084 911F      		adc r25,r17
 147 0086 A21F      		adc r26,r18
 148 0088 B31F      		adc r27,r19
 149 008a 8883      		st Y,r24
 150 008c 9983      		std Y+1,r25
 151 008e AA83      		std Y+2,r26
 152 0090 BB83      		std Y+3,r27
  62:ros_lib/duration.cpp ****   nsec += rhs.nsec;
 153               		.loc 1 62 0
 154 0092 0C81      		ldd r16,Y+4
 155 0094 1D81      		ldd r17,Y+5
 156 0096 2E81      		ldd r18,Y+6
 157 0098 3F81      		ldd r19,Y+7
 158 009a 8481      		ldd r24,Z+4
 159 009c 9581      		ldd r25,Z+5
 160 009e A681      		ldd r26,Z+6
 161 00a0 B781      		ldd r27,Z+7
 162 00a2 800F      		add r24,r16
 163 00a4 911F      		adc r25,r17
 164 00a6 A21F      		adc r26,r18
 165 00a8 B31F      		adc r27,r19
 166 00aa 8C83      		std Y+4,r24
 167 00ac 9D83      		std Y+5,r25
 168 00ae AE83      		std Y+6,r26
 169 00b0 BF83      		std Y+7,r27
  63:ros_lib/duration.cpp ****   normalizeSecNSecSigned(sec, nsec);
 170               		.loc 1 63 0
 171 00b2 BE01      		movw r22,r28
 172               	.LVL10:
 173 00b4 6C5F      		subi r22,-4
 174 00b6 7F4F      		sbci r23,-1
 175 00b8 CE01      		movw r24,r28
 176 00ba 0E94 0000 		call _ZN3ros22normalizeSecNSecSignedERlS0_
 177               	.LVL11:
  64:ros_lib/duration.cpp ****   return *this;
  65:ros_lib/duration.cpp **** }
 178               		.loc 1 65 0
 179 00be CE01      		movw r24,r28
 180               	/* epilogue start */
 181 00c0 DF91      		pop r29
 182 00c2 CF91      		pop r28
 183               	.LVL12:
 184 00c4 1F91      		pop r17
 185 00c6 0F91      		pop r16
 186 00c8 0895      		ret
 187               		.cfi_endproc
 188               	.LFE11:
 190               	.global	_ZN3ros8DurationmIERKS0_
 192               	_ZN3ros8DurationmIERKS0_:
 193               	.LFB12:
  66:ros_lib/duration.cpp **** 
  67:ros_lib/duration.cpp **** Duration& Duration::operator-=(const Duration &rhs)
  68:ros_lib/duration.cpp **** {
 194               		.loc 1 68 0
 195               		.cfi_startproc
 196               	.LVL13:
 197 00ca 0F93      		push r16
 198               	.LCFI6:
 199               		.cfi_def_cfa_offset 3
 200               		.cfi_offset 16, -2
 201 00cc 1F93      		push r17
 202               	.LCFI7:
 203               		.cfi_def_cfa_offset 4
 204               		.cfi_offset 17, -3
 205 00ce CF93      		push r28
 206               	.LCFI8:
 207               		.cfi_def_cfa_offset 5
 208               		.cfi_offset 28, -4
 209 00d0 DF93      		push r29
 210               	.LCFI9:
 211               		.cfi_def_cfa_offset 6
 212               		.cfi_offset 29, -5
 213               	/* prologue: function */
 214               	/* frame size = 0 */
 215               	/* stack size = 4 */
 216               	.L__stack_usage = 4
 217 00d2 EC01      		movw r28,r24
  69:ros_lib/duration.cpp ****   sec += -rhs.sec;
 218               		.loc 1 69 0
 219 00d4 8881      		ld r24,Y
 220 00d6 9981      		ldd r25,Y+1
 221 00d8 AA81      		ldd r26,Y+2
 222 00da BB81      		ldd r27,Y+3
 223               	.LVL14:
 224 00dc FB01      		movw r30,r22
 225 00de 0081      		ld r16,Z
 226 00e0 1181      		ldd r17,Z+1
 227 00e2 2281      		ldd r18,Z+2
 228 00e4 3381      		ldd r19,Z+3
 229 00e6 801B      		sub r24,r16
 230 00e8 910B      		sbc r25,r17
 231 00ea A20B      		sbc r26,r18
 232 00ec B30B      		sbc r27,r19
 233 00ee 8883      		st Y,r24
 234 00f0 9983      		std Y+1,r25
 235 00f2 AA83      		std Y+2,r26
 236 00f4 BB83      		std Y+3,r27
  70:ros_lib/duration.cpp ****   nsec += -rhs.nsec;
 237               		.loc 1 70 0
 238 00f6 8C81      		ldd r24,Y+4
 239 00f8 9D81      		ldd r25,Y+5
 240 00fa AE81      		ldd r26,Y+6
 241 00fc BF81      		ldd r27,Y+7
 242 00fe 4481      		ldd r20,Z+4
 243 0100 5581      		ldd r21,Z+5
 244 0102 6681      		ldd r22,Z+6
 245 0104 7781      		ldd r23,Z+7
 246 0106 841B      		sub r24,r20
 247 0108 950B      		sbc r25,r21
 248 010a A60B      		sbc r26,r22
 249 010c B70B      		sbc r27,r23
 250 010e 8C83      		std Y+4,r24
 251 0110 9D83      		std Y+5,r25
 252 0112 AE83      		std Y+6,r26
 253 0114 BF83      		std Y+7,r27
  71:ros_lib/duration.cpp ****   normalizeSecNSecSigned(sec, nsec);
 254               		.loc 1 71 0
 255 0116 BE01      		movw r22,r28
 256               	.LVL15:
 257 0118 6C5F      		subi r22,-4
 258 011a 7F4F      		sbci r23,-1
 259 011c CE01      		movw r24,r28
 260 011e 0E94 0000 		call _ZN3ros22normalizeSecNSecSignedERlS0_
 261               	.LVL16:
  72:ros_lib/duration.cpp ****   return *this;
  73:ros_lib/duration.cpp **** }
 262               		.loc 1 73 0
 263 0122 CE01      		movw r24,r28
 264               	/* epilogue start */
 265 0124 DF91      		pop r29
 266 0126 CF91      		pop r28
 267               	.LVL17:
 268 0128 1F91      		pop r17
 269 012a 0F91      		pop r16
 270 012c 0895      		ret
 271               		.cfi_endproc
 272               	.LFE12:
 274               	.global	__floatsisf
 275               	.global	__mulsf3
 276               	.global	__fixsfsi
 277               	.global	_ZN3ros8DurationmLEd
 279               	_ZN3ros8DurationmLEd:
 280               	.LFB13:
  74:ros_lib/duration.cpp **** 
  75:ros_lib/duration.cpp **** Duration& Duration::operator*=(double scale)
  76:ros_lib/duration.cpp **** {
 281               		.loc 1 76 0
 282               		.cfi_startproc
 283               	.LVL18:
 284 012e CF92      		push r12
 285               	.LCFI10:
 286               		.cfi_def_cfa_offset 3
 287               		.cfi_offset 12, -2
 288 0130 DF92      		push r13
 289               	.LCFI11:
 290               		.cfi_def_cfa_offset 4
 291               		.cfi_offset 13, -3
 292 0132 EF92      		push r14
 293               	.LCFI12:
 294               		.cfi_def_cfa_offset 5
 295               		.cfi_offset 14, -4
 296 0134 FF92      		push r15
 297               	.LCFI13:
 298               		.cfi_def_cfa_offset 6
 299               		.cfi_offset 15, -5
 300 0136 CF93      		push r28
 301               	.LCFI14:
 302               		.cfi_def_cfa_offset 7
 303               		.cfi_offset 28, -6
 304 0138 DF93      		push r29
 305               	.LCFI15:
 306               		.cfi_def_cfa_offset 8
 307               		.cfi_offset 29, -7
 308               	/* prologue: function */
 309               	/* frame size = 0 */
 310               	/* stack size = 6 */
 311               	.L__stack_usage = 6
 312 013a EC01      		movw r28,r24
 313 013c 6A01      		movw r12,r20
 314 013e 7B01      		movw r14,r22
  77:ros_lib/duration.cpp ****   sec *= scale;
 315               		.loc 1 77 0
 316 0140 6881      		ld r22,Y
 317 0142 7981      		ldd r23,Y+1
 318 0144 8A81      		ldd r24,Y+2
 319 0146 9B81      		ldd r25,Y+3
 320 0148 0E94 0000 		call __floatsisf
 321               	.LVL19:
 322 014c A701      		movw r20,r14
 323 014e 9601      		movw r18,r12
 324 0150 0E94 0000 		call __mulsf3
 325               	.LVL20:
 326 0154 0E94 0000 		call __fixsfsi
 327               	.LVL21:
 328 0158 6883      		st Y,r22
 329 015a 7983      		std Y+1,r23
 330 015c 8A83      		std Y+2,r24
 331 015e 9B83      		std Y+3,r25
  78:ros_lib/duration.cpp ****   nsec *= scale;
 332               		.loc 1 78 0
 333 0160 6C81      		ldd r22,Y+4
 334 0162 7D81      		ldd r23,Y+5
 335 0164 8E81      		ldd r24,Y+6
 336 0166 9F81      		ldd r25,Y+7
 337 0168 0E94 0000 		call __floatsisf
 338               	.LVL22:
 339 016c A701      		movw r20,r14
 340 016e 9601      		movw r18,r12
 341 0170 0E94 0000 		call __mulsf3
 342               	.LVL23:
 343 0174 0E94 0000 		call __fixsfsi
 344               	.LVL24:
 345 0178 6C83      		std Y+4,r22
 346 017a 7D83      		std Y+5,r23
 347 017c 8E83      		std Y+6,r24
 348 017e 9F83      		std Y+7,r25
  79:ros_lib/duration.cpp ****   normalizeSecNSecSigned(sec, nsec);
 349               		.loc 1 79 0
 350 0180 BE01      		movw r22,r28
 351 0182 6C5F      		subi r22,-4
 352 0184 7F4F      		sbci r23,-1
 353 0186 CE01      		movw r24,r28
 354 0188 0E94 0000 		call _ZN3ros22normalizeSecNSecSignedERlS0_
 355               	.LVL25:
  80:ros_lib/duration.cpp ****   return *this;
  81:ros_lib/duration.cpp **** }
 356               		.loc 1 81 0
 357 018c CE01      		movw r24,r28
 358               	/* epilogue start */
 359 018e DF91      		pop r29
 360 0190 CF91      		pop r28
 361               	.LVL26:
 362 0192 FF90      		pop r15
 363 0194 EF90      		pop r14
 364 0196 DF90      		pop r13
 365 0198 CF90      		pop r12
 366               	.LVL27:
 367 019a 0895      		ret
 368               		.cfi_endproc
 369               	.LFE13:
 371               	.Letext0:
 372               		.file 2 "ros_lib/ros/duration.h"
 373               		.file 3 "/usr/lib/avr/include/stdint.h"
DEFINED SYMBOLS
                            *ABS*:00000000 duration.cpp
     /tmp/cczqGUYj.s:2      *ABS*:0000003e __SP_H__
     /tmp/cczqGUYj.s:3      *ABS*:0000003d __SP_L__
     /tmp/cczqGUYj.s:4      *ABS*:0000003f __SREG__
     /tmp/cczqGUYj.s:5      *ABS*:00000000 __tmp_reg__
     /tmp/cczqGUYj.s:6      *ABS*:00000001 __zero_reg__
     /tmp/cczqGUYj.s:12     .text:00000000 _ZN3ros22normalizeSecNSecSignedERlS0_
     /tmp/cczqGUYj.s:108    .text:00000066 _ZN3ros8DurationpLERKS0_
     /tmp/cczqGUYj.s:192    .text:000000ca _ZN3ros8DurationmIERKS0_
     /tmp/cczqGUYj.s:279    .text:0000012e _ZN3ros8DurationmLEd

UNDEFINED SYMBOLS
__floatsisf
__mulsf3
__fixsfsi
